<?xml version="1.0" encoding="UTF-8"?>
<!-- Generated by org.testng.reporters.JUnitReportReporter -->
<testsuite skipped="0" hostname="HP-Mehdi" name="testcases.TC_001" tests="1" failures="0" timestamp="02 Jan 2019 02:11:11 GMT" time="7.614" errors="0">
  <testcase name="testcase" time="7.614" classname="testcases.TC_001"/>
</testsuite> <!-- testcases.TC_001 -->
