<?xml version="1.0" encoding="UTF-8"?>
<!-- Generated by org.testng.reporters.JUnitReportReporter -->
<testsuite skipped="0" hostname="HP-Mehdi" name="testcases.TC_002" tests="1" failures="0" timestamp="02 Jan 2019 02:12:08 GMT" time="8.677" errors="0">
  <testcase name="testcase" time="8.677" classname="testcases.TC_002"/>
</testsuite> <!-- testcases.TC_002 -->
